<?xml version="1.0" encoding="UTF-8"?>
<testng-results ignored="0" total="9" passed="7" failed="2" skipped="0">
  <reporter-output>
  </reporter-output>
  <suite started-at="2022-09-19T21:19:19 IDT" name="Check POM" finished-at="2022-09-19T21:20:25 IDT" duration-ms="66451">
    <groups>
    </groups>
    <test started-at="2022-09-19T21:19:19 IDT" name="Testing POM" finished-at="2022-09-19T21:20:25 IDT" duration-ms="66451">
      <class name="pomtest.POMTasking">
        <test-method is-config="true" signature="beforeSuite(java.lang.String)[pri:0, instance:pomtest.POMTasking@76508ed1]" started-at="2022-09-19T21:19:09 IDT" name="beforeSuite" finished-at="2022-09-19T21:19:19 IDT" duration-ms="9073" status="PASS">
          <params>
            <param index="0">
              <value>
                <![CDATA[chrome]]>
              </value>
            </param>
          </params>
          <reporter-output>
          </reporter-output>
        </test-method> <!-- beforeSuite -->
        <test-method signature="testDataCSV(java.lang.String)[pri:0, instance:pomtest.POMTasking@76508ed1]" started-at="2022-09-19T21:19:19 IDT" name="testDataCSV" data-provider="getDataCSV" finished-at="2022-09-19T21:19:26 IDT" duration-ms="6864" status="PASS">
          <params>
            <param index="0">
              <value>
                <![CDATA[Manager]]>
              </value>
            </param>
          </params>
          <reporter-output>
          </reporter-output>
        </test-method> <!-- testDataCSV -->
        <test-method signature="testDataCSV(java.lang.String)[pri:0, instance:pomtest.POMTasking@76508ed1]" started-at="2022-09-19T21:19:26 IDT" name="testDataCSV" data-provider="getDataCSV" finished-at="2022-09-19T21:19:37 IDT" duration-ms="10827" status="PASS">
          <params>
            <param index="0">
              <value>
                <![CDATA[New Customer]]>
              </value>
            </param>
          </params>
          <reporter-output>
          </reporter-output>
        </test-method> <!-- testDataCSV -->
        <test-method signature="testDataCSV(java.lang.String)[pri:0, instance:pomtest.POMTasking@76508ed1]" started-at="2022-09-19T21:19:37 IDT" name="testDataCSV" data-provider="getDataCSV" finished-at="2022-09-19T21:19:44 IDT" duration-ms="7673" status="PASS">
          <params>
            <param index="0">
              <value>
                <![CDATA[Edit Customer]]>
              </value>
            </param>
          </params>
          <reporter-output>
          </reporter-output>
        </test-method> <!-- testDataCSV -->
        <test-method signature="testDataCSV(java.lang.String)[pri:0, instance:pomtest.POMTasking@76508ed1]" started-at="2022-09-19T21:19:44 IDT" name="testDataCSV" data-provider="getDataCSV" finished-at="2022-09-19T21:19:53 IDT" duration-ms="8728" status="PASS">
          <params>
            <param index="0">
              <value>
                <![CDATA[Delete Customer]]>
              </value>
            </param>
          </params>
          <reporter-output>
          </reporter-output>
        </test-method> <!-- testDataCSV -->
        <test-method signature="testDataCSV(java.lang.String)[pri:0, instance:pomtest.POMTasking@76508ed1]" started-at="2022-09-19T21:19:53 IDT" name="testDataCSV" data-provider="getDataCSV" finished-at="2022-09-19T21:19:56 IDT" duration-ms="3097" status="FAIL">
          <params>
            <param index="0">
              <value>
                <![CDATA[New Account]]>
              </value>
            </param>
          </params>
          <exception class="org.openqa.selenium.ElementClickInterceptedException">
            <message>
              <![CDATA[element click intercepted: Element <a href="addAccount.php">...</a> is not clickable at point (120, 512). Other element would receive the click: <p align="right">...</p>
  (Session info: chrome=105.0.5195.125)
Build info: version: '4.4.0', revision: 'e5c75ed026a'
System info: host: 'LAPTOP-TPTMM17A', ip: '192.168.50.247', os.name: 'Windows 10', os.arch: 'amd64', os.version: '10.0', java.version: '17.0.4.1'
Driver info: org.openqa.selenium.chrome.ChromeDriver
Command: [7b17a6c7a4b3a41b248f4342e16d194c, clickElement {id=bd37ca78-2538-4b5a-9949-734d0fc404c9}]
Capabilities {acceptInsecureCerts: false, browserName: chrome, browserVersion: 105.0.5195.125, chrome: {chromedriverVersion: 104.0.5112.29 (eff877e18f76..., userDataDir: C:\Users\LENOVO\AppData\Loc...}, goog:chromeOptions: {debuggerAddress: localhost:64449}, networkConnectionEnabled: false, pageLoadStrategy: normal, platformName: WINDOWS, proxy: Proxy(), se:cdp: ws://localhost:64449/devtoo..., se:cdpVersion: 105.0.5195.125, setWindowRect: true, strictFileInteractability: false, timeouts: {implicit: 0, pageLoad: 300000, script: 30000}, unhandledPromptBehavior: dismiss and notify, webauthn:extension:credBlob: true, webauthn:extension:largeBlob: true, webauthn:virtualAuthenticators: true}
Element: [[ChromeDriver: chrome on WINDOWS (7b17a6c7a4b3a41b248f4342e16d194c)] -> link text: New Account]
Session ID: 7b17a6c7a4b3a41b248f4342e16d194c]]>
            </message>
            <full-stacktrace>
              <![CDATA[org.openqa.selenium.ElementClickInterceptedException: element click intercepted: Element <a href="addAccount.php">...</a> is not clickable at point (120, 512). Other element would receive the click: <p align="right">...</p>
  (Session info: chrome=105.0.5195.125)
Build info: version: '4.4.0', revision: 'e5c75ed026a'
System info: host: 'LAPTOP-TPTMM17A', ip: '192.168.50.247', os.name: 'Windows 10', os.arch: 'amd64', os.version: '10.0', java.version: '17.0.4.1'
Driver info: org.openqa.selenium.chrome.ChromeDriver
Command: [7b17a6c7a4b3a41b248f4342e16d194c, clickElement {id=bd37ca78-2538-4b5a-9949-734d0fc404c9}]
Capabilities {acceptInsecureCerts: false, browserName: chrome, browserVersion: 105.0.5195.125, chrome: {chromedriverVersion: 104.0.5112.29 (eff877e18f76..., userDataDir: C:\Users\LENOVO\AppData\Loc...}, goog:chromeOptions: {debuggerAddress: localhost:64449}, networkConnectionEnabled: false, pageLoadStrategy: normal, platformName: WINDOWS, proxy: Proxy(), se:cdp: ws://localhost:64449/devtoo..., se:cdpVersion: 105.0.5195.125, setWindowRect: true, strictFileInteractability: false, timeouts: {implicit: 0, pageLoad: 300000, script: 30000}, unhandledPromptBehavior: dismiss and notify, webauthn:extension:credBlob: true, webauthn:extension:largeBlob: true, webauthn:virtualAuthenticators: true}
Element: [[ChromeDriver: chrome on WINDOWS (7b17a6c7a4b3a41b248f4342e16d194c)] -> link text: New Account]
Session ID: 7b17a6c7a4b3a41b248f4342e16d194c
at java.base/jdk.internal.reflect.NativeConstructorAccessorImpl.newInstance0(Native Method)
at java.base/jdk.internal.reflect.NativeConstructorAccessorImpl.newInstance(NativeConstructorAccessorImpl.java:77)
at java.base/jdk.internal.reflect.DelegatingConstructorAccessorImpl.newInstance(DelegatingConstructorAccessorImpl.java:45)
at java.base/java.lang.reflect.Constructor.newInstanceWithCaller(Constructor.java:499)
at java.base/java.lang.reflect.Constructor.newInstance(Constructor.java:480)
at org.openqa.selenium.remote.codec.w3c.W3CHttpResponseCodec.createException(W3CHttpResponseCodec.java:200)
at org.openqa.selenium.remote.codec.w3c.W3CHttpResponseCodec.decode(W3CHttpResponseCodec.java:133)
at org.openqa.selenium.remote.codec.w3c.W3CHttpResponseCodec.decode(W3CHttpResponseCodec.java:53)
at org.openqa.selenium.remote.HttpCommandExecutor.execute(HttpCommandExecutor.java:184)
at org.openqa.selenium.remote.service.DriverCommandExecutor.invokeExecute(DriverCommandExecutor.java:167)
at org.openqa.selenium.remote.service.DriverCommandExecutor.execute(DriverCommandExecutor.java:142)
at org.openqa.selenium.remote.RemoteWebDriver.execute(RemoteWebDriver.java:547)
at org.openqa.selenium.remote.RemoteWebElement.execute(RemoteWebElement.java:257)
at org.openqa.selenium.remote.RemoteWebElement.click(RemoteWebElement.java:78)
at pomtest.POMTasking.testDataCSV(POMTasking.java:52)
at java.base/jdk.internal.reflect.NativeMethodAccessorImpl.invoke0(Native Method)
at java.base/jdk.internal.reflect.NativeMethodAccessorImpl.invoke(NativeMethodAccessorImpl.java:77)
at java.base/jdk.internal.reflect.DelegatingMethodAccessorImpl.invoke(DelegatingMethodAccessorImpl.java:43)
at java.base/java.lang.reflect.Method.invoke(Method.java:568)
at org.testng.internal.invokers.MethodInvocationHelper.invokeMethod(MethodInvocationHelper.java:139)
at org.testng.internal.invokers.TestInvoker.invokeMethod(TestInvoker.java:677)
at org.testng.internal.invokers.TestInvoker.invokeTestMethod(TestInvoker.java:221)
at org.testng.internal.invokers.MethodRunner.runInSequence(MethodRunner.java:50)
at org.testng.internal.invokers.TestInvoker$MethodInvocationAgent.invoke(TestInvoker.java:962)
at org.testng.internal.invokers.TestInvoker.invokeTestMethods(TestInvoker.java:194)
at org.testng.internal.invokers.TestMethodWorker.invokeTestMethods(TestMethodWorker.java:148)
at org.testng.internal.invokers.TestMethodWorker.run(TestMethodWorker.java:128)
at java.base/java.util.ArrayList.forEach(ArrayList.java:1511)
at org.testng.TestRunner.privateRun(TestRunner.java:806)
at org.testng.TestRunner.run(TestRunner.java:601)
at org.testng.SuiteRunner.runTest(SuiteRunner.java:433)
at org.testng.SuiteRunner.runSequentially(SuiteRunner.java:427)
at org.testng.SuiteRunner.privateRun(SuiteRunner.java:387)
at org.testng.SuiteRunner.run(SuiteRunner.java:330)
at org.testng.SuiteRunnerWorker.runSuite(SuiteRunnerWorker.java:52)
at org.testng.SuiteRunnerWorker.run(SuiteRunnerWorker.java:95)
at org.testng.TestNG.runSuitesSequentially(TestNG.java:1256)
at org.testng.TestNG.runSuitesLocally(TestNG.java:1176)
at org.testng.TestNG.runSuites(TestNG.java:1099)
at org.testng.TestNG.run(TestNG.java:1067)
at org.apache.maven.surefire.testng.TestNGExecutor.run(TestNGExecutor.java:283)
at org.apache.maven.surefire.testng.TestNGXmlTestSuite.execute(TestNGXmlTestSuite.java:75)
at org.apache.maven.surefire.testng.TestNGProvider.invoke(TestNGProvider.java:120)
at org.apache.maven.surefire.booter.ForkedBooter.runSuitesInProcess(ForkedBooter.java:377)
at org.apache.maven.surefire.booter.ForkedBooter.execute(ForkedBooter.java:138)
at org.apache.maven.surefire.booter.ForkedBooter.run(ForkedBooter.java:465)
at org.apache.maven.surefire.booter.ForkedBooter.main(ForkedBooter.java:451)
]]>
            </full-stacktrace>
          </exception> <!-- org.openqa.selenium.ElementClickInterceptedException -->
          <reporter-output>
          </reporter-output>
        </test-method> <!-- testDataCSV -->
        <test-method signature="testDataCSV(java.lang.String)[pri:0, instance:pomtest.POMTasking@76508ed1]" started-at="2022-09-19T21:19:56 IDT" name="testDataCSV" data-provider="getDataCSV" finished-at="2022-09-19T21:20:04 IDT" duration-ms="7910" status="PASS">
          <params>
            <param index="0">
              <value>
                <![CDATA[Edit Account]]>
              </value>
            </param>
          </params>
          <reporter-output>
          </reporter-output>
        </test-method> <!-- testDataCSV -->
        <test-method signature="testDataCSV(java.lang.String)[pri:0, instance:pomtest.POMTasking@76508ed1]" started-at="2022-09-19T21:20:04 IDT" name="testDataCSV" data-provider="getDataCSV" finished-at="2022-09-19T21:20:12 IDT" duration-ms="7569" status="PASS">
          <params>
            <param index="0">
              <value>
                <![CDATA[Delete Account]]>
              </value>
            </param>
          </params>
          <reporter-output>
          </reporter-output>
        </test-method> <!-- testDataCSV -->
        <test-method signature="testDataCSV(java.lang.String)[pri:0, instance:pomtest.POMTasking@76508ed1]" started-at="2022-09-19T21:20:12 IDT" name="testDataCSV" data-provider="getDataCSV" finished-at="2022-09-19T21:20:19 IDT" duration-ms="7801" status="PASS">
          <params>
            <param index="0">
              <value>
                <![CDATA[Mini Statement]]>
              </value>
            </param>
          </params>
          <reporter-output>
          </reporter-output>
        </test-method> <!-- testDataCSV -->
        <test-method signature="testDataCSV(java.lang.String)[pri:0, instance:pomtest.POMTasking@76508ed1]" started-at="2022-09-19T21:20:19 IDT" name="testDataCSV" data-provider="getDataCSV" finished-at="2022-09-19T21:20:25 IDT" duration-ms="5672" status="FAIL">
          <params>
            <param index="0">
              <value>
                <![CDATA[Customised Statement]]>
              </value>
            </param>
          </params>
          <exception class="java.lang.AssertionError">
            <message>
              <![CDATA[Current Title NOT Contains LinkText]]>
            </message>
            <full-stacktrace>
              <![CDATA[java.lang.AssertionError: Current Title NOT Contains LinkText
at org.testng.Assert.fail(Assert.java:110)
at pomtest.POMTasking.testDataCSV(POMTasking.java:65)
at java.base/jdk.internal.reflect.NativeMethodAccessorImpl.invoke0(Native Method)
at java.base/jdk.internal.reflect.NativeMethodAccessorImpl.invoke(NativeMethodAccessorImpl.java:77)
at java.base/jdk.internal.reflect.DelegatingMethodAccessorImpl.invoke(DelegatingMethodAccessorImpl.java:43)
at java.base/java.lang.reflect.Method.invoke(Method.java:568)
at org.testng.internal.invokers.MethodInvocationHelper.invokeMethod(MethodInvocationHelper.java:139)
at org.testng.internal.invokers.TestInvoker.invokeMethod(TestInvoker.java:677)
at org.testng.internal.invokers.TestInvoker.invokeTestMethod(TestInvoker.java:221)
at org.testng.internal.invokers.MethodRunner.runInSequence(MethodRunner.java:50)
at org.testng.internal.invokers.TestInvoker$MethodInvocationAgent.invoke(TestInvoker.java:962)
at org.testng.internal.invokers.TestInvoker.invokeTestMethods(TestInvoker.java:194)
at org.testng.internal.invokers.TestMethodWorker.invokeTestMethods(TestMethodWorker.java:148)
at org.testng.internal.invokers.TestMethodWorker.run(TestMethodWorker.java:128)
at java.base/java.util.ArrayList.forEach(ArrayList.java:1511)
at org.testng.TestRunner.privateRun(TestRunner.java:806)
at org.testng.TestRunner.run(TestRunner.java:601)
at org.testng.SuiteRunner.runTest(SuiteRunner.java:433)
at org.testng.SuiteRunner.runSequentially(SuiteRunner.java:427)
at org.testng.SuiteRunner.privateRun(SuiteRunner.java:387)
at org.testng.SuiteRunner.run(SuiteRunner.java:330)
at org.testng.SuiteRunnerWorker.runSuite(SuiteRunnerWorker.java:52)
at org.testng.SuiteRunnerWorker.run(SuiteRunnerWorker.java:95)
at org.testng.TestNG.runSuitesSequentially(TestNG.java:1256)
at org.testng.TestNG.runSuitesLocally(TestNG.java:1176)
at org.testng.TestNG.runSuites(TestNG.java:1099)
at org.testng.TestNG.run(TestNG.java:1067)
at org.apache.maven.surefire.testng.TestNGExecutor.run(TestNGExecutor.java:283)
at org.apache.maven.surefire.testng.TestNGXmlTestSuite.execute(TestNGXmlTestSuite.java:75)
at org.apache.maven.surefire.testng.TestNGProvider.invoke(TestNGProvider.java:120)
at org.apache.maven.surefire.booter.ForkedBooter.runSuitesInProcess(ForkedBooter.java:377)
at org.apache.maven.surefire.booter.ForkedBooter.execute(ForkedBooter.java:138)
at org.apache.maven.surefire.booter.ForkedBooter.run(ForkedBooter.java:465)
at org.apache.maven.surefire.booter.ForkedBooter.main(ForkedBooter.java:451)
]]>
            </full-stacktrace>
          </exception> <!-- java.lang.AssertionError -->
          <reporter-output>
          </reporter-output>
        </test-method> <!-- testDataCSV -->
        <test-method is-config="true" signature="afterSuite()[pri:0, instance:pomtest.POMTasking@76508ed1]" started-at="2022-09-19T21:20:25 IDT" name="afterSuite" finished-at="2022-09-19T21:20:26 IDT" duration-ms="957" status="PASS">
          <reporter-output>
          </reporter-output>
        </test-method> <!-- afterSuite -->
      </class> <!-- pomtest.POMTasking -->
    </test> <!-- Testing POM -->
  </suite> <!-- Check POM -->
</testng-results>
