<?xml version="1.0" encoding="UTF-8"?>
<!-- Generated by org.testng.reporters.JUnitXMLReporter -->
<testsuite ignored="0" hostname="LAPTOP-TPTMM17A" failures="2" tests="9" name="Testing POM" time="68.663" errors="0" timestamp="2022-09-19T21:15:48 IDT">
  <testcase classname="pomtest.POMTasking" name="testDataCSV" time="7.478"/>
  <testcase classname="pomtest.POMTasking" name="testDataCSV" time="9.55"/>
  <testcase classname="pomtest.POMTasking" name="testDataCSV" time="10.225"/>
  <testcase classname="pomtest.POMTasking" name="testDataCSV" time="9.304"/>
  <testcase classname="pomtest.POMTasking" name="testDataCSV" time="3.166">
    <failure type="org.openqa.selenium.ElementClickInterceptedException" message="element click intercepted: Element &amp;lt;a href=&amp;quot;addAccount.php&amp;quot;&amp;gt;...&amp;lt;/a&amp;gt; is not clickable at point (120, 512). Other element would receive the click: &amp;lt;p align=&amp;quot;right&amp;quot;&amp;gt;...&amp;lt;/p&amp;gt;
  (Session info: chrome=105.0.5195.125)
Build info: version: &amp;apos;4.4.0&amp;apos;, revision: &amp;apos;e5c75ed026a&amp;apos;
System info: host: &amp;apos;LAPTOP-TPTMM17A&amp;apos;, ip: &amp;apos;192.168.50.247&amp;apos;, os.name: &amp;apos;Windows 10&amp;apos;, os.arch: &amp;apos;amd64&amp;apos;, os.version: &amp;apos;10.0&amp;apos;, java.version: &amp;apos;17.0.4.1&amp;apos;
Driver info: org.openqa.selenium.chrome.ChromeDriver
Command: [f25c69570f2d9243ffde12e7ca991ee4, clickElement {id=d6f27580-9453-4afb-9c99-14e86f7e4fed}]
Capabilities {acceptInsecureCerts: false, browserName: chrome, browserVersion: 105.0.5195.125, chrome: {chromedriverVersion: 104.0.5112.29 (eff877e18f76..., userDataDir: C:\Users\LENOVO\AppData\Loc...}, goog:chromeOptions: {debuggerAddress: localhost:64149}, networkConnectionEnabled: false, pageLoadStrategy: normal, platformName: WINDOWS, proxy: Proxy(), se:cdp: ws://localhost:64149/devtoo..., se:cdpVersion: 105.0.5195.125, setWindowRect: true, strictFileInteractability: false, timeouts: {implicit: 0, pageLoad: 300000, script: 30000}, unhandledPromptBehavior: dismiss and notify, webauthn:extension:credBlob: true, webauthn:extension:largeBlob: true, webauthn:virtualAuthenticators: true}
Element: [[ChromeDriver: chrome on WINDOWS (f25c69570f2d9243ffde12e7ca991ee4)] -&amp;gt; link text: New Account]
Session ID: f25c69570f2d9243ffde12e7ca991ee4">
      <![CDATA[org.openqa.selenium.ElementClickInterceptedException: element click intercepted: Element <a href="addAccount.php">...</a> is not clickable at point (120, 512). Other element would receive the click: <p align="right">...</p>
  (Session info: chrome=105.0.5195.125)
Build info: version: '4.4.0', revision: 'e5c75ed026a'
System info: host: 'LAPTOP-TPTMM17A', ip: '192.168.50.247', os.name: 'Windows 10', os.arch: 'amd64', os.version: '10.0', java.version: '17.0.4.1'
Driver info: org.openqa.selenium.chrome.ChromeDriver
Command: [f25c69570f2d9243ffde12e7ca991ee4, clickElement {id=d6f27580-9453-4afb-9c99-14e86f7e4fed}]
Capabilities {acceptInsecureCerts: false, browserName: chrome, browserVersion: 105.0.5195.125, chrome: {chromedriverVersion: 104.0.5112.29 (eff877e18f76..., userDataDir: C:\Users\LENOVO\AppData\Loc...}, goog:chromeOptions: {debuggerAddress: localhost:64149}, networkConnectionEnabled: false, pageLoadStrategy: normal, platformName: WINDOWS, proxy: Proxy(), se:cdp: ws://localhost:64149/devtoo..., se:cdpVersion: 105.0.5195.125, setWindowRect: true, strictFileInteractability: false, timeouts: {implicit: 0, pageLoad: 300000, script: 30000}, unhandledPromptBehavior: dismiss and notify, webauthn:extension:credBlob: true, webauthn:extension:largeBlob: true, webauthn:virtualAuthenticators: true}
Element: [[ChromeDriver: chrome on WINDOWS (f25c69570f2d9243ffde12e7ca991ee4)] -> link text: New Account]
Session ID: f25c69570f2d9243ffde12e7ca991ee4
at org.openqa.selenium.remote.codec.w3c.W3CHttpResponseCodec.createException(W3CHttpResponseCodec.java:200)
at org.openqa.selenium.remote.codec.w3c.W3CHttpResponseCodec.decode(W3CHttpResponseCodec.java:133)
at org.openqa.selenium.remote.codec.w3c.W3CHttpResponseCodec.decode(W3CHttpResponseCodec.java:53)
at org.openqa.selenium.remote.HttpCommandExecutor.execute(HttpCommandExecutor.java:184)
at org.openqa.selenium.remote.service.DriverCommandExecutor.invokeExecute(DriverCommandExecutor.java:167)
at org.openqa.selenium.remote.service.DriverCommandExecutor.execute(DriverCommandExecutor.java:142)
at org.openqa.selenium.remote.RemoteWebDriver.execute(RemoteWebDriver.java:547)
at org.openqa.selenium.remote.RemoteWebElement.execute(RemoteWebElement.java:257)
at org.openqa.selenium.remote.RemoteWebElement.click(RemoteWebElement.java:78)
at pomtest.POMTasking.testDataCSV(POMTasking.java:52)
at java.base/java.util.ArrayList.forEach(ArrayList.java:1511)
... Removed 36 stack frames]]>
    </failure>
  </testcase> <!-- testDataCSV -->
  <testcase classname="pomtest.POMTasking" name="testDataCSV" time="7.696"/>
  <testcase classname="pomtest.POMTasking" name="testDataCSV" time="7.618"/>
  <testcase classname="pomtest.POMTasking" name="testDataCSV" time="7.92"/>
  <testcase classname="pomtest.POMTasking" name="testDataCSV" time="5.577">
    <failure type="java.lang.AssertionError" message="Current Title NOT Contains LinkText">
      <![CDATA[java.lang.AssertionError: Current Title NOT Contains LinkText
at pomtest.POMTasking.testDataCSV(POMTasking.java:65)
at java.base/java.util.ArrayList.forEach(ArrayList.java:1511)
... Removed 32 stack frames]]>
    </failure>
  </testcase> <!-- testDataCSV -->
</testsuite> <!-- Testing POM -->
