<!DOCTYPE html PUBLIC "-//W3C//DTD XHTML 1.1//EN" "https://www.w3.org/TR/xhtml11/DTD/xhtml11.dtd">
<html xmlns="https://www.w3.org/1999/xhtml">
<head>
<meta http-equiv="content-type" content="text/html; charset=UTF-8"/>
<title>TestNG Report</title>
<style type="text/css">table {margin-bottom:10px;border-collapse:collapse;empty-cells:show}th,td {border:1px solid #009;padding:.25em .5em}th {vertical-align:bottom}td {vertical-align:top}table a {font-weight:bold}.stripe td {background-color: #E6EBF9}.num {text-align:right}.passedodd td {background-color: #3F3}.passedeven td {background-color: #0A0}.skippedodd td {background-color: #DDD}.skippedeven td {background-color: #CCC}.failedodd td,.attn {background-color: #F33}.failedeven td,.stripe .attn {background-color: #D00}.stacktrace {white-space:pre;font-family:monospace}.totop {font-size:85%;text-align:center;border-bottom:2px solid #000}.invisible {display:none}</style>
</head>
<body>
<table>
<tr><th>Test</th><th># Passed</th><th># Skipped</th><th># Retried</th><th># Failed</th><th>Time (ms)</th><th>Included Groups</th><th>Excluded Groups</th></tr>
<tr><th colspan="8">Check Search</th></tr>
<tr><td><a href="#t0">Testing Search</a></td><td class="num">1</td><td class="num">0</td><td class="num">0</td><td class="num attn">3</td><td class="num">15,414</td><td></td><td></td></tr>
</table>
<table id='summary'><thead><tr><th>Class</th><th>Method</th><th>Start</th><th>Time (ms)</th></tr></thead><tbody><tr><th colspan="4">Check Search</th></tr></tbody><tbody id="t0"><tr><th colspan="4">Testing Search &#8212; failed</th></tr><tr class="failedeven"><td rowspan="3">SearchTest</td><td><a href="#m0">testDataCSV</a></td><td rowspan="3">1662836129266</td><td rowspan="3">2199</td></tr><tr class="failedeven"><td><a href="#m1">testDataCSV</a></td></tr><tr class="failedeven"><td><a href="#m2">testDataCSV</a></td></tr><tr><th colspan="4">Testing Search &#8212; passed</th></tr><tr class="passedeven"><td rowspan="1">SearchTest</td><td><a href="#m3">testDataCSV</a></td><td rowspan="1">1662836118075</td><td rowspan="1">9149</td></tr></tbody>
</table>
<h2>Testing Search</h2><h3 id="m0">SearchTest#testDataCSV</h3><table class="result"><tr class="param"><th>Parameter #1</th></tr><tr class="param stripe"><td>QTP</td></tr><tr><th>Exception</th></tr><tr><td><div class="stacktrace">java.lang.AssertionError: expected [QTP] but found [What is QTP? | How It Works | Skill &amp; Scope | Need And …]
	at SearchTest.testDataCSV(SearchTest.java:49)
	at java.base/java.util.ArrayList.forEach(ArrayList.java:1511)
	at java.base/java.util.concurrent.FutureTask.run(FutureTask.java:264)
	at java.base/java.util.concurrent.ThreadPoolExecutor.runWorker(ThreadPoolExecutor.java:1136)
	at java.base/java.util.concurrent.ThreadPoolExecutor$Worker.run(ThreadPoolExecutor.java:635)
	at java.base/java.lang.Thread.run(Thread.java:833)
... Removed 23 stack frames</div></td></tr></table><p class="totop"><a href="#summary">back to summary</a></p>
<h3 id="m1">SearchTest#testDataCSV</h3><table class="result"><tr class="param"><th>Parameter #1</th></tr><tr class="param stripe"><td>Appium</td></tr><tr><th>Exception</th></tr><tr><td><div class="stacktrace">java.lang.AssertionError: expected [Appium] but found [Appium: Mobile App Automation Made Awesome.]
	at SearchTest.testDataCSV(SearchTest.java:49)
	at java.base/java.util.ArrayList.forEach(ArrayList.java:1511)
	at java.base/java.util.concurrent.FutureTask.run(FutureTask.java:264)
	at java.base/java.util.concurrent.ThreadPoolExecutor.runWorker(ThreadPoolExecutor.java:1136)
	at java.base/java.util.concurrent.ThreadPoolExecutor$Worker.run(ThreadPoolExecutor.java:635)
	at java.base/java.lang.Thread.run(Thread.java:833)
... Removed 23 stack frames</div></td></tr></table><p class="totop"><a href="#summary">back to summary</a></p>
<h3 id="m2">SearchTest#testDataCSV</h3><table class="result"><tr class="param"><th>Parameter #1</th></tr><tr class="param stripe"><td>Cypress</td></tr><tr><th>Exception</th></tr><tr><td><div class="stacktrace">java.lang.AssertionError: expected [Cypress] but found [JavaScript End to End Testing Framework | cypress.io …]
	at SearchTest.testDataCSV(SearchTest.java:49)
	at java.base/java.util.ArrayList.forEach(ArrayList.java:1511)
	at java.base/java.util.concurrent.FutureTask.run(FutureTask.java:264)
	at java.base/java.util.concurrent.ThreadPoolExecutor.runWorker(ThreadPoolExecutor.java:1136)
	at java.base/java.util.concurrent.ThreadPoolExecutor$Worker.run(ThreadPoolExecutor.java:635)
	at java.base/java.lang.Thread.run(Thread.java:833)
... Removed 23 stack frames</div></td></tr></table><p class="totop"><a href="#summary">back to summary</a></p>
<h3 id="m3">SearchTest#testDataCSV</h3><table class="result"><tr class="param"><th>Parameter #1</th></tr><tr class="param stripe"><td>Selenium</td></tr></table><p class="totop"><a href="#summary">back to summary</a></p>
</body>
</html>
